<?xml version="1.0" encoding="UTF-8"?>
<!-- Generated by org.testng.reporters.JUnitReportReporter -->
<testsuite hostname="DESKTOP-FAA1F2L" failures="0" tests="1" name="SampleTest" time="8.015" errors="0" timestamp="01 Nov. 2018 10:31:49 GMT" skipped="0">
  <testcase classname="SampleTest" name="TestCase1" time="8.015"/>
</testsuite> <!-- SampleTest -->
