<?xml version="1.0" encoding="UTF-8"?>
<!-- Generated by org.testng.reporters.JUnitReportReporter -->
<testsuite hostname="DESKTOP-FAA1F2L" failures="0" tests="1" name="com.pom.pagefactory.test.C001_GoogleSearchTest" time="11.100" errors="0" timestamp="23 Nov. 2018 07:54:43 GMT" skipped="0">
  <testcase classname="com.pom.pagefactory.test.C001_GoogleSearchTest" name="TC002_GoogleSearchTest" time="11.100"/>
</testsuite> <!-- com.pom.pagefactory.test.C001_GoogleSearchTest -->
